<?xml version="1.0" encoding="UTF-8"?>
<!-- Generated by org.testng.reporters.JUnitReportReporter -->
<testsuite hostname="DESKTOP-ECOA2HK" failures="0" tests="1" name="Test.PinPageTest" time="18.419" errors="0" timestamp="2022-08-24T21:28:42 PDT" skipped="0">
  <testcase classname="Test.PinPageTest" name="loginWithValidCredentialsTest" time="18.419"/>
  <system-out/>
</testsuite> <!-- Test.PinPageTest -->
