<?xml version="1.0" encoding="UTF-8"?>
<!-- Generated by org.testng.reporters.JUnitReportReporter -->
<testsuite hostname="DESKTOP-ECOA2HK" failures="0" tests="1" name="Test.LoginPageTest" time="10.302" errors="0" timestamp="2022-08-27T08:36:56 PDT" skipped="0">
  <testcase classname="Test.LoginPageTest" name="forgotpasswordlinktest" time="10.302"/>
  <system-out/>
</testsuite> <!-- Test.LoginPageTest -->
